Using pre-set license
Built from '2021.1/staging' branch; Version is '2021.1.21f1 (f2d5d3c59f8c) revision 15914451'; Using compiler version '192528614'; Build Type 'Release'
OS: 'Windows 10 Home Single Language; OS build 19042.1237; Version 2009; 64bit' Language: 'es' Physical Memory: 16306 MB
BatchMode: 1, IsHumanControllingUs: 0, StartBugReporterOnCrash: 0, Is64bit: 1, IsPro: 0

COMMAND LINE ARGUMENTS:
C:\Program Files\Unity\Hub\Editor\2021.1.21f1\Editor\Unity.exe
-adb2
-batchMode
-noUpm
-name
AssetImportWorker0
-projectPath
C:/Users/USUARIO/Desktop/alejo/angelus/angelus
-logFile
Logs/AssetImportWorker0.log
-srvPort
54106
Successfully changed project path to: C:/Users/USUARIO/Desktop/alejo/angelus/angelus
C:/Users/USUARIO/Desktop/alejo/angelus/angelus
Using Asset Import Pipeline V2.
Refreshing native plugins compatible for Editor in 177.38 ms, found 3 plugins.
Preloading 0 native plugins for Editor in 0.00 ms.
Initialize engine version: 2021.1.21f1 (f2d5d3c59f8c)
[Subsystems] Discovering subsystems at path C:/Program Files/Unity/Hub/Editor/2021.1.21f1/Editor/Data/Resources/UnitySubsystems
[Subsystems] Discovering subsystems at path C:/Users/USUARIO/Desktop/alejo/angelus/angelus/Assets
GfxDevice: creating device client; threaded=0; jobified=0
Direct3D:
    Version:  Direct3D 11.0 [level 11.1]
    Renderer: Intel(R) HD Graphics 4600 (ID=0x412)
    Vendor:   Intel
    VRAM:     2048 MB
    Driver:   20.19.15.5058
Initialize mono
Mono path[0] = 'C:/Program Files/Unity/Hub/Editor/2021.1.21f1/Editor/Data/Managed'
Mono path[1] = 'C:/Program Files/Unity/Hub/Editor/2021.1.21f1/Editor/Data/MonoBleedingEdge/lib/mono/unityjit'
Mono config path = 'C:/Program Files/Unity/Hub/Editor/2021.1.21f1/Editor/Data/MonoBleedingEdge/etc'
Using monoOptions --debugger-agent=transport=dt_socket,embedding=1,server=y,suspend=n,address=127.0.0.1:56120
Begin MonoManager ReloadAssembly
Registering precompiled unity dll's ...
Register platform support module: C:/Program Files/Unity/Hub/Editor/2021.1.21f1/Editor/Data/PlaybackEngines/WindowsStandaloneSupport/UnityEditor.WindowsStandalone.Extensions.dll
Registered in 0.002423 seconds.
Native extension for WindowsStandalone target not found
Refreshing native plugins compatible for Editor in 177.27 ms, found 3 plugins.
Preloading 0 native plugins for Editor in 0.00 ms.
Mono: successfully reloaded assembly
- Completed reload, in  2.230 seconds
Domain Reload Profiling:
	ReloadAssembly (2230ms)
		BeginReloadAssembly (92ms)
			ExecutionOrderSort (0ms)
			DisableScriptedObjects (0ms)
			BackupInstance (0ms)
			ReleaseScriptingObjects (0ms)
			CreateAndSetChildDomain (1ms)
		EndReloadAssembly (929ms)
			LoadAssemblies (87ms)
			RebuildTransferFunctionScriptingTraits (0ms)
			SetupTypeCache (307ms)
			ReleaseScriptCaches (0ms)
			RebuildScriptCaches (53ms)
			SetupLoadedEditorAssemblies (491ms)
				LogAssemblyErrors (0ms)
				InitializePlatformSupportModulesInManaged (11ms)
				SetLoadedEditorAssemblies (0ms)
				RefreshPlugins (177ms)
				BeforeProcessingInitializeOnLoad (3ms)
				ProcessInitializeOnLoadAttributes (214ms)
				ProcessInitializeOnLoadMethodAttributes (83ms)
				AfterProcessingInitializeOnLoad (0ms)
				EditorAssembliesLoaded (1ms)
			ExecutionOrderSort2 (0ms)
			AwakeInstancesAfterBackupRestoration (0ms)
Platform modules already initialized, skipping
Registering precompiled user dll's ...
Registered in 0.010119 seconds.
Begin MonoManager ReloadAssembly
Symbol file LoadedFromMemory doesn't match image C:\Users\USUARIO\Desktop\alejo\angelus\angelus\Library\PackageCache\com.unity.visualscripting@1.6.1\Editor\VisualScripting.Core\Dependencies\YamlDotNet\Unity.VisualScripting.YamlDotNet.dll
Symbol file LoadedFromMemory doesn't match image C:\Users\USUARIO\Desktop\alejo\angelus\angelus\Library\PackageCache\com.unity.visualscripting@1.6.1\Editor\VisualScripting.Core\Dependencies\DotNetZip\Unity.VisualScripting.IonicZip.dll
Native extension for WindowsStandalone target not found
Refreshing native plugins compatible for Editor in 0.76 ms, found 3 plugins.
Preloading 0 native plugins for Editor in 0.00 ms.
Mono: successfully reloaded assembly
- Completed reload, in  2.219 seconds
Domain Reload Profiling:
	ReloadAssembly (2220ms)
		BeginReloadAssembly (443ms)
			ExecutionOrderSort (0ms)
			DisableScriptedObjects (32ms)
			BackupInstance (0ms)
			ReleaseScriptingObjects (0ms)
			CreateAndSetChildDomain (67ms)
		EndReloadAssembly (1673ms)
			LoadAssemblies (137ms)
			RebuildTransferFunctionScriptingTraits (0ms)
			SetupTypeCache (672ms)
			ReleaseScriptCaches (1ms)
			RebuildScriptCaches (93ms)
			SetupLoadedEditorAssemblies (559ms)
				LogAssemblyErrors (0ms)
				InitializePlatformSupportModulesInManaged (8ms)
				SetLoadedEditorAssemblies (1ms)
				RefreshPlugins (1ms)
				BeforeProcessingInitializeOnLoad (95ms)
				ProcessInitializeOnLoadAttributes (428ms)
				ProcessInitializeOnLoadMethodAttributes (13ms)
				AfterProcessingInitializeOnLoad (13ms)
				EditorAssembliesLoaded (0ms)
			ExecutionOrderSort2 (0ms)
			AwakeInstancesAfterBackupRestoration (30ms)
Platform modules already initialized, skipping
========================================================================
Worker process is ready to serve import requests
Launched and connected shader compiler UnityShaderCompiler.exe after 0.13 seconds
Refreshing native plugins compatible for Editor in 1.27 ms, found 3 plugins.
Preloading 0 native plugins for Editor in 0.00 ms.
Unloading 2949 Unused Serialized files (Serialized files now loaded: 0)
System memory in use before: 105.8 MB.
System memory in use after: 106.0 MB.

Unloading 20 unused Assets to reduce memory usage. Loaded Objects now: 3395.
Total: 9.153800 ms (FindLiveObjects: 0.721500 ms CreateObjectMapping: 1.394200 ms MarkObjects: 6.938300 ms  DeleteObjects: 0.091300 ms)

AssetImportParameters requested are different than current active one (requested -> active):
  custom:framework-win-MediaFoundation: 216162199b28c13a410421893ffa2e32 -> 
  custom:video-decoder-ogg-theora: a1e56fd34408186e4bbccfd4996cb3dc -> 
  custom:container-muxer-webm: aa71ff27fc2769a1b78a27578f13a17b -> 
  custom:container-demuxer-webm: 4f35f7cbe854078d1ac9338744f61a02 -> 
  custom:container-demuxer-ogg: 62fdf1f143b41e24485cea50d1cbac27 -> 
  custom:video-encoder-webm-vp8: eb34c28f22e8b96e1ab97ce403110664 -> 
  custom:video-decoder-webm-vp8: 9c59270c3fd7afecdb556c50c9e8de78 -> 
  custom:audio-decoder-ogg-vorbis: bf7c407c2cedff20999df2af8eb42d56 -> 
  custom:audio-encoder-webm-vorbis: bf7c407c2cedff20999df2af8eb42d56 -> 
========================================================================
Received Import Request.
  path: Assets/obj
  artifactKey: Guid(c266e902c7ab6ce4c9b735ad3a6d1a30) Importer(815301076,1909f56bfc062723c751e8b465ee728b)
Start importing Assets/obj using Guid(c266e902c7ab6ce4c9b735ad3a6d1a30) Importer(815301076,1909f56bfc062723c751e8b465ee728b)  -> (artifact id: '37f7355d53f9786ad2653e2f8f4c9d9c') in 0.030700 seconds 
========================================================================
Received Import Request.
  Time since last request: 10.014862 seconds.
  path: Assets/obj/Puente.obj
  artifactKey: Guid(865a78ace93ece246808fdb65c40a93f) Importer(815301076,1909f56bfc062723c751e8b465ee728b)
Start importing Assets/obj/Puente.obj using Guid(865a78ace93ece246808fdb65c40a93f) Importer(815301076,1909f56bfc062723c751e8b465ee728b)  -> (artifact id: '577a4c0fe6620d466e8fe957bfaf3aed') in 0.238018 seconds 
========================================================================
Received Prepare
Registering precompiled user dll's ...
Registered in 0.006025 seconds.
Begin MonoManager ReloadAssembly
Symbol file LoadedFromMemory doesn't match image C:\Users\USUARIO\Desktop\alejo\angelus\angelus\Library\PackageCache\com.unity.visualscripting@1.6.1\Editor\VisualScripting.Core\Dependencies\YamlDotNet\Unity.VisualScripting.YamlDotNet.dll
Symbol file LoadedFromMemory doesn't match image C:\Users\USUARIO\Desktop\alejo\angelus\angelus\Library\PackageCache\com.unity.visualscripting@1.6.1\Editor\VisualScripting.Core\Dependencies\DotNetZip\Unity.VisualScripting.IonicZip.dll
Native extension for WindowsStandalone target not found
Refreshing native plugins compatible for Editor in 0.72 ms, found 3 plugins.
Preloading 0 native plugins for Editor in 0.00 ms.
Mono: successfully reloaded assembly
- Completed reload, in  4.985 seconds
Domain Reload Profiling:
	ReloadAssembly (4990ms)
		BeginReloadAssembly (879ms)
			ExecutionOrderSort (0ms)
			DisableScriptedObjects (23ms)
			BackupInstance (0ms)
			ReleaseScriptingObjects (0ms)
			CreateAndSetChildDomain (192ms)
		EndReloadAssembly (3673ms)
			LoadAssemblies (997ms)
			RebuildTransferFunctionScriptingTraits (15ms)
			SetupTypeCache (2233ms)
			ReleaseScriptCaches (1ms)
			RebuildScriptCaches (67ms)
			SetupLoadedEditorAssemblies (622ms)
				LogAssemblyErrors (0ms)
				InitializePlatformSupportModulesInManaged (8ms)
				SetLoadedEditorAssemblies (1ms)
				RefreshPlugins (1ms)
				BeforeProcessingInitializeOnLoad (97ms)
				ProcessInitializeOnLoadAttributes (496ms)
				ProcessInitializeOnLoadMethodAttributes (8ms)
				AfterProcessingInitializeOnLoad (11ms)
				EditorAssembliesLoaded (0ms)
			ExecutionOrderSort2 (0ms)
			AwakeInstancesAfterBackupRestoration (11ms)
Platform modules already initialized, skipping
Refreshing native plugins compatible for Editor in 1.77 ms, found 3 plugins.
Preloading 0 native plugins for Editor in 0.00 ms.
Unloading 2943 Unused Serialized files (Serialized files now loaded: 0)
System memory in use before: 109.7 MB.
System memory in use after: 109.9 MB.

Unloading 15 unused Assets to reduce memory usage. Loaded Objects now: 3440.
Total: 4.076800 ms (FindLiveObjects: 0.270900 ms CreateObjectMapping: 0.143200 ms MarkObjects: 3.639500 ms  DeleteObjects: 0.021500 ms)

AssetImportParameters requested are different than current active one (requested -> active):
  custom:framework-win-MediaFoundation: 216162199b28c13a410421893ffa2e32 -> 
  custom:video-decoder-ogg-theora: a1e56fd34408186e4bbccfd4996cb3dc -> 
  custom:container-muxer-webm: aa71ff27fc2769a1b78a27578f13a17b -> 
  custom:container-demuxer-webm: 4f35f7cbe854078d1ac9338744f61a02 -> 
  custom:container-demuxer-ogg: 62fdf1f143b41e24485cea50d1cbac27 -> 
  custom:video-encoder-webm-vp8: eb34c28f22e8b96e1ab97ce403110664 -> 
  custom:video-decoder-webm-vp8: 9c59270c3fd7afecdb556c50c9e8de78 -> 
  custom:audio-decoder-ogg-vorbis: bf7c407c2cedff20999df2af8eb42d56 -> 
  custom:audio-encoder-webm-vorbis: bf7c407c2cedff20999df2af8eb42d56 -> 
========================================================================
Received Import Request.
  Time since last request: 349.576702 seconds.
  path: Assets/obj/Puente.fbx
  artifactKey: Guid(7a44e2d2d1dbeba40961042296caee0f) Importer(815301076,1909f56bfc062723c751e8b465ee728b)
Start importing Assets/obj/Puente.fbx using Guid(7a44e2d2d1dbeba40961042296caee0f) Importer(815301076,1909f56bfc062723c751e8b465ee728b)  -> (artifact id: 'c622c0cfa3c49c72d37c55bc2210f241') in 1.539722 seconds 
========================================================================
Received Prepare
Registering precompiled user dll's ...
Registered in 0.006573 seconds.
Begin MonoManager ReloadAssembly
Symbol file LoadedFromMemory doesn't match image C:\Users\USUARIO\Desktop\alejo\angelus\angelus\Library\PackageCache\com.unity.visualscripting@1.6.1\Editor\VisualScripting.Core\Dependencies\YamlDotNet\Unity.VisualScripting.YamlDotNet.dll
Symbol file LoadedFromMemory doesn't match image C:\Users\USUARIO\Desktop\alejo\angelus\angelus\Library\PackageCache\com.unity.visualscripting@1.6.1\Editor\VisualScripting.Core\Dependencies\DotNetZip\Unity.VisualScripting.IonicZip.dll
Native extension for WindowsStandalone target not found
Refreshing native plugins compatible for Editor in 0.71 ms, found 3 plugins.
Preloading 0 native plugins for Editor in 0.00 ms.
Mono: successfully reloaded assembly
- Completed reload, in  1.589 seconds
Domain Reload Profiling:
	ReloadAssembly (1590ms)
		BeginReloadAssembly (219ms)
			ExecutionOrderSort (0ms)
			DisableScriptedObjects (6ms)
			BackupInstance (0ms)
			ReleaseScriptingObjects (0ms)
			CreateAndSetChildDomain (65ms)
		EndReloadAssembly (1267ms)
			LoadAssemblies (157ms)
			RebuildTransferFunctionScriptingTraits (0ms)
			SetupTypeCache (511ms)
			ReleaseScriptCaches (2ms)
			RebuildScriptCaches (55ms)
			SetupLoadedEditorAssemblies (439ms)
				LogAssemblyErrors (0ms)
				InitializePlatformSupportModulesInManaged (6ms)
				SetLoadedEditorAssemblies (1ms)
				RefreshPlugins (1ms)
				BeforeProcessingInitializeOnLoad (74ms)
				ProcessInitializeOnLoadAttributes (341ms)
				ProcessInitializeOnLoadMethodAttributes (6ms)
				AfterProcessingInitializeOnLoad (10ms)
				EditorAssembliesLoaded (0ms)
			ExecutionOrderSort2 (0ms)
			AwakeInstancesAfterBackupRestoration (11ms)
Platform modules already initialized, skipping
Refreshing native plugins compatible for Editor in 1.49 ms, found 3 plugins.
Preloading 0 native plugins for Editor in 0.00 ms.
Unloading 2943 Unused Serialized files (Serialized files now loaded: 0)
System memory in use before: 109.9 MB.
System memory in use after: 110.1 MB.

Unloading 15 unused Assets to reduce memory usage. Loaded Objects now: 3443.
Total: 3.467500 ms (FindLiveObjects: 0.268400 ms CreateObjectMapping: 0.137500 ms MarkObjects: 3.040200 ms  DeleteObjects: 0.020000 ms)

AssetImportParameters requested are different than current active one (requested -> active):
  custom:framework-win-MediaFoundation: 216162199b28c13a410421893ffa2e32 -> 
  custom:video-decoder-ogg-theora: a1e56fd34408186e4bbccfd4996cb3dc -> 
  custom:container-muxer-webm: aa71ff27fc2769a1b78a27578f13a17b -> 
  custom:container-demuxer-webm: 4f35f7cbe854078d1ac9338744f61a02 -> 
  custom:container-demuxer-ogg: 62fdf1f143b41e24485cea50d1cbac27 -> 
  custom:video-encoder-webm-vp8: eb34c28f22e8b96e1ab97ce403110664 -> 
  custom:video-decoder-webm-vp8: 9c59270c3fd7afecdb556c50c9e8de78 -> 
  custom:audio-decoder-ogg-vorbis: bf7c407c2cedff20999df2af8eb42d56 -> 
  custom:audio-encoder-webm-vorbis: bf7c407c2cedff20999df2af8eb42d56 -> 
========================================================================
Received Import Request.
  Time since last request: 1415.355800 seconds.
  path: Assets
  artifactKey: Guid(00000000000000001000000000000000) Importer(815301076,1909f56bfc062723c751e8b465ee728b)
Start importing Assets using Guid(00000000000000001000000000000000) Importer(815301076,1909f56bfc062723c751e8b465ee728b)  -> (artifact id: '42d402b061de3733987d63b9cc3b64de') in 0.021985 seconds 
========================================================================
Received Import Request.
  Time since last request: 7.003124 seconds.
  path: Assets/scripts
  artifactKey: Guid(1692fb45d0dd05040b7825573eddf690) Importer(815301076,1909f56bfc062723c751e8b465ee728b)
Start importing Assets/scripts using Guid(1692fb45d0dd05040b7825573eddf690) Importer(815301076,1909f56bfc062723c751e8b465ee728b)  -> (artifact id: '48c42c38a8de46b759a2094b96c186fe') in 0.030034 seconds 
========================================================================
Received Import Request.
  Time since last request: 148.081655 seconds.
  path: Assets/scripts/half-cube.blend
  artifactKey: Guid(11e18d11c20f4f34291a59c3e5d46788) Importer(815301076,1909f56bfc062723c751e8b465ee728b)
Start importing Assets/scripts/half-cube.blend using Guid(11e18d11c20f4f34291a59c3e5d46788) Importer(815301076,1909f56bfc062723c751e8b465ee728b)  -> (artifact id: '5c411c4159b15d2f85912f1468daff4b') in 0.327521 seconds 
========================================================================
Received Prepare
Registering precompiled user dll's ...
Registered in 0.009168 seconds.
Begin MonoManager ReloadAssembly
Symbol file LoadedFromMemory doesn't match image C:\Users\USUARIO\Desktop\alejo\angelus\angelus\Library\PackageCache\com.unity.visualscripting@1.6.1\Editor\VisualScripting.Core\Dependencies\YamlDotNet\Unity.VisualScripting.YamlDotNet.dll
Symbol file LoadedFromMemory doesn't match image C:\Users\USUARIO\Desktop\alejo\angelus\angelus\Library\PackageCache\com.unity.visualscripting@1.6.1\Editor\VisualScripting.Core\Dependencies\DotNetZip\Unity.VisualScripting.IonicZip.dll
Native extension for WindowsStandalone target not found
Refreshing native plugins compatible for Editor in 1.65 ms, found 3 plugins.
Preloading 0 native plugins for Editor in 0.00 ms.
Mono: successfully reloaded assembly
- Completed reload, in  1.878 seconds
Domain Reload Profiling:
	ReloadAssembly (1878ms)
		BeginReloadAssembly (197ms)
			ExecutionOrderSort (0ms)
			DisableScriptedObjects (9ms)
			BackupInstance (0ms)
			ReleaseScriptingObjects (0ms)
			CreateAndSetChildDomain (66ms)
		EndReloadAssembly (1578ms)
			LoadAssemblies (162ms)
			RebuildTransferFunctionScriptingTraits (0ms)
			SetupTypeCache (644ms)
			ReleaseScriptCaches (2ms)
			RebuildScriptCaches (75ms)
			SetupLoadedEditorAssemblies (540ms)
				LogAssemblyErrors (0ms)
				InitializePlatformSupportModulesInManaged (10ms)
				SetLoadedEditorAssemblies (3ms)
				RefreshPlugins (2ms)
				BeforeProcessingInitializeOnLoad (96ms)
				ProcessInitializeOnLoadAttributes (411ms)
				ProcessInitializeOnLoadMethodAttributes (8ms)
				AfterProcessingInitializeOnLoad (9ms)
				EditorAssembliesLoaded (0ms)
			ExecutionOrderSort2 (0ms)
			AwakeInstancesAfterBackupRestoration (10ms)
Platform modules already initialized, skipping
Refreshing native plugins compatible for Editor in 0.96 ms, found 3 plugins.
Preloading 0 native plugins for Editor in 0.00 ms.
Unloading 2944 Unused Serialized files (Serialized files now loaded: 0)
System memory in use before: 110.0 MB.
System memory in use after: 110.2 MB.

Unloading 15 unused Assets to reduce memory usage. Loaded Objects now: 3447.
Total: 4.676900 ms (FindLiveObjects: 0.318700 ms CreateObjectMapping: 0.166500 ms MarkObjects: 4.168000 ms  DeleteObjects: 0.022200 ms)

AssetImportParameters requested are different than current active one (requested -> active):
  custom:framework-win-MediaFoundation: 216162199b28c13a410421893ffa2e32 -> 
  custom:video-decoder-ogg-theora: a1e56fd34408186e4bbccfd4996cb3dc -> 
  custom:container-muxer-webm: aa71ff27fc2769a1b78a27578f13a17b -> 
  custom:container-demuxer-webm: 4f35f7cbe854078d1ac9338744f61a02 -> 
  custom:container-demuxer-ogg: 62fdf1f143b41e24485cea50d1cbac27 -> 
  custom:video-encoder-webm-vp8: eb34c28f22e8b96e1ab97ce403110664 -> 
  custom:video-decoder-webm-vp8: 9c59270c3fd7afecdb556c50c9e8de78 -> 
  custom:audio-decoder-ogg-vorbis: bf7c407c2cedff20999df2af8eb42d56 -> 
  custom:audio-encoder-webm-vorbis: bf7c407c2cedff20999df2af8eb42d56 -> 
========================================================================
Received Import Request.
  Time since last request: 1345.224263 seconds.
  path: Assets/New Folder
  artifactKey: Guid(12499f4fa59236d40b80de92f2e8c7d7) Importer(815301076,1909f56bfc062723c751e8b465ee728b)
Start importing Assets/New Folder using Guid(12499f4fa59236d40b80de92f2e8c7d7) Importer(815301076,1909f56bfc062723c751e8b465ee728b)  -> (artifact id: 'c8e0008f9f1853c1bbc08e48f49ac191') in 0.027874 seconds 
========================================================================
Received Import Request.
  Time since last request: 328.339286 seconds.
  path: Assets/materiales
  artifactKey: Guid(12499f4fa59236d40b80de92f2e8c7d7) Importer(815301076,1909f56bfc062723c751e8b465ee728b)
Start importing Assets/materiales using Guid(12499f4fa59236d40b80de92f2e8c7d7) Importer(815301076,1909f56bfc062723c751e8b465ee728b)  -> (artifact id: 'b3538fba78d1463f05d9dbe5f8ca546c') in 0.020909 seconds 
========================================================================
Received Import Request.
  Time since last request: 70.256773 seconds.
  path: Assets/materiales/roca.mat
  artifactKey: Guid(be8bf8231cffd234d87323fec29c00b6) Importer(815301076,1909f56bfc062723c751e8b465ee728b)
Start importing Assets/materiales/roca.mat using Guid(be8bf8231cffd234d87323fec29c00b6) Importer(815301076,1909f56bfc062723c751e8b465ee728b)  -> (artifact id: '8049f20ab547f43a9f14d0b647bd304e') in 0.144938 seconds 
========================================================================
Received Import Request.
  Time since last request: 509.223079 seconds.
  path: Assets/materiales/roca
  artifactKey: Guid(4a1c9b3b3cb79c541ac1789300116f6b) Importer(815301076,1909f56bfc062723c751e8b465ee728b)
Start importing Assets/materiales/roca using Guid(4a1c9b3b3cb79c541ac1789300116f6b) Importer(815301076,1909f56bfc062723c751e8b465ee728b)  -> (artifact id: '03498fc622a5568365b0d5f2697a08ea') in 0.006131 seconds 
========================================================================
Received Import Request.
  Time since last request: 0.049482 seconds.
  path: Assets/materiales/roca/Tiles093_2K_AmbientOcclusion.jpg
  artifactKey: Guid(ddf8060aa7f36504aafb142597ba44a5) Importer(815301076,1909f56bfc062723c751e8b465ee728b)
Start importing Assets/materiales/roca/Tiles093_2K_AmbientOcclusion.jpg using Guid(ddf8060aa7f36504aafb142597ba44a5) Importer(815301076,1909f56bfc062723c751e8b465ee728b)  -> (artifact id: '1bc71f0ab110084465eaaf27edf6c515') in 0.063174 seconds 
========================================================================
Received Import Request.
  Time since last request: 0.000251 seconds.
  path: Assets/materiales/roca/Tiles093_2K_Displacement.jpg
  artifactKey: Guid(67cb54d87acb7c24da882b5715fdf25d) Importer(815301076,1909f56bfc062723c751e8b465ee728b)
Start importing Assets/materiales/roca/Tiles093_2K_Displacement.jpg using Guid(67cb54d87acb7c24da882b5715fdf25d) Importer(815301076,1909f56bfc062723c751e8b465ee728b)  -> (artifact id: 'dc8966c1d9f40ad6295e4772e87f00ab') in 0.070075 seconds 
========================================================================
Received Import Request.
  Time since last request: 0.000356 seconds.
  path: Assets/materiales/roca/Tiles093_2K_Color.jpg
  artifactKey: Guid(13061d035b599c3408033a3b738fdf70) Importer(815301076,1909f56bfc062723c751e8b465ee728b)
Start importing Assets/materiales/roca/Tiles093_2K_Color.jpg using Guid(13061d035b599c3408033a3b738fdf70) Importer(815301076,1909f56bfc062723c751e8b465ee728b)  -> (artifact id: 'bfeb5ab09fe1740e937c92985ff022bc') in 0.075845 seconds 
========================================================================
Received Import Request.
  Time since last request: 0.032322 seconds.
  path: Assets/materiales/roca/Tiles093_2K_Roughness.jpg
  artifactKey: Guid(246648feaff86184184e1acf0f0516d9) Importer(815301076,1909f56bfc062723c751e8b465ee728b)
Start importing Assets/materiales/roca/Tiles093_2K_Roughness.jpg using Guid(246648feaff86184184e1acf0f0516d9) Importer(815301076,1909f56bfc062723c751e8b465ee728b)  -> (artifact id: 'f4c2c3c21647c0c8b80d65176924db3f') in 0.039098 seconds 
========================================================================
Received Import Request.
  Time since last request: 0.007680 seconds.
  path: Assets/materiales/roca/Tiles093_2K_NormalGL.jpg
  artifactKey: Guid(1162eb74663a7134fa50dfc509dd1a24) Importer(815301076,1909f56bfc062723c751e8b465ee728b)
Start importing Assets/materiales/roca/Tiles093_2K_NormalGL.jpg using Guid(1162eb74663a7134fa50dfc509dd1a24) Importer(815301076,1909f56bfc062723c751e8b465ee728b)  -> (artifact id: '716446a42d1b6a056f35c194e6bebaf5') in 0.063130 seconds 
========================================================================
Received Import Request.
  Time since last request: 0.000898 seconds.
  path: Assets/materiales/roca/Tiles093_PREVIEW.jpg
  artifactKey: Guid(3c496ee958d17964e89963361cd537b6) Importer(815301076,1909f56bfc062723c751e8b465ee728b)
Start importing Assets/materiales/roca/Tiles093_PREVIEW.jpg using Guid(3c496ee958d17964e89963361cd537b6) Importer(815301076,1909f56bfc062723c751e8b465ee728b)  -> (artifact id: '171279dab3222a308a0a7d3697990218') in 0.047206 seconds 
========================================================================
Received Import Request.
  Time since last request: 0.000378 seconds.
  path: Assets/materiales/roca/Tiles093_2K_NormalDX.jpg
  artifactKey: Guid(ade6aec2d35eb77439b4af51be6d8a74) Importer(815301076,1909f56bfc062723c751e8b465ee728b)
Start importing Assets/materiales/roca/Tiles093_2K_NormalDX.jpg using Guid(ade6aec2d35eb77439b4af51be6d8a74) Importer(815301076,1909f56bfc062723c751e8b465ee728b)  -> (artifact id: 'a479ccbaf62114ab92af78c0484338ca') in 0.072262 seconds 
